0 info it worked if it ends with ok
1 verbose cli [ 'c:\\nodejs\\node.exe',
1 verbose cli   'c:\\nodejs\\node_modules\\npm\\bin\\npm-cli.js',
1 verbose cli   'install' ]
2 info using npm@1.3.8
3 info using node@v0.10.16
4 verbose readDependencies using package.json deps
5 verbose install where, deps [ 'h:\\workspace\\aptana\\sap_js_research\\node\\httpd\\expressWeb',
5 verbose install   [ 'express', 'jade', 'ejs', 'mongodb', 'connect-mongo' ] ]
6 info preinstall sap_anywhere@0.0.1
7 verbose readDependencies using package.json deps
8 verbose already installed skipping express@3.3.7 h:\workspace\aptana\sap_js_research\node\httpd\expressWeb
9 verbose already installed skipping jade@* h:\workspace\aptana\sap_js_research\node\httpd\expressWeb
10 verbose already installed skipping ejs@* h:\workspace\aptana\sap_js_research\node\httpd\expressWeb
11 verbose already installed skipping mongodb@1.3.19 h:\workspace\aptana\sap_js_research\node\httpd\expressWeb
12 verbose cache add [ 'connect-mongo@>=0.17', null ]
13 verbose cache add name=undefined spec="connect-mongo@>=0.17" args=["connect-mongo@>=0.17",null]
14 verbose parsed url { protocol: null,
14 verbose parsed url   slashes: null,
14 verbose parsed url   auth: null,
14 verbose parsed url   host: null,
14 verbose parsed url   port: null,
14 verbose parsed url   hostname: null,
14 verbose parsed url   hash: null,
14 verbose parsed url   search: null,
14 verbose parsed url   query: null,
14 verbose parsed url   pathname: 'connect-mongo@%3E=0.17',
14 verbose parsed url   path: 'connect-mongo@%3E=0.17',
14 verbose parsed url   href: 'connect-mongo@%3E=0.17' }
15 verbose cache add name="connect-mongo" spec=">=0.17" args=["connect-mongo",">=0.17"]
16 verbose parsed url { protocol: null,
16 verbose parsed url   slashes: null,
16 verbose parsed url   auth: null,
16 verbose parsed url   host: null,
16 verbose parsed url   port: null,
16 verbose parsed url   hostname: null,
16 verbose parsed url   hash: null,
16 verbose parsed url   search: null,
16 verbose parsed url   query: null,
16 verbose parsed url   pathname: '%3E=0.17',
16 verbose parsed url   path: '%3E=0.17',
16 verbose parsed url   href: '%3E=0.17' }
17 verbose addNamed [ 'connect-mongo', '>=0.17' ]
18 verbose addNamed [ null, '>=0.17.0-0' ]
19 silly lockFile 3ba3ddba-connect-mongo-0-17 connect-mongo@>=0.17
20 verbose lock connect-mongo@>=0.17 C:\Users\ufoqhmdt\AppData\Roaming\npm-cache\3ba3ddba-connect-mongo-0-17.lock
21 silly addNameRange { name: 'connect-mongo', range: '>=0.17.0-0', hasData: false }
22 verbose url raw connect-mongo
23 verbose url resolving [ 'https://registry.npmjs.org/', './connect-mongo' ]
24 verbose url resolved https://registry.npmjs.org/connect-mongo
25 info trying registry request attempt 1 at 22:52:06
26 http GET https://registry.npmjs.org/connect-mongo
27 http 200 https://registry.npmjs.org/connect-mongo
28 silly registry.get cb [ 200,
28 silly registry.get   { vary: 'Accept',
28 silly registry.get     server: 'CouchDB/1.3.1 (Erlang OTP/R15B03)',
28 silly registry.get     etag: '"4N70P415Z0SSGQQOWL9I17CTP"',
28 silly registry.get     date: 'Tue, 03 Sep 2013 14:52:08 GMT',
28 silly registry.get     'content-type': 'application/json',
28 silly registry.get     'content-length': '34495' } ]
29 silly addNameRange number 2 { name: 'connect-mongo', range: '>=0.17.0-0', hasData: true }
30 silly addNameRange versions [ 'connect-mongo',
30 silly addNameRange   [ '0.1.0',
30 silly addNameRange     '0.1.1',
30 silly addNameRange     '0.1.2',
30 silly addNameRange     '0.1.3',
30 silly addNameRange     '0.1.4',
30 silly addNameRange     '0.1.5',
30 silly addNameRange     '0.1.6',
30 silly addNameRange     '0.1.7',
30 silly addNameRange     '0.1.8',
30 silly addNameRange     '0.1.9',
30 silly addNameRange     '0.2.0',
30 silly addNameRange     '0.3.0',
30 silly addNameRange     '0.3.1',
30 silly addNameRange     '0.3.2',
30 silly addNameRange     '0.3.3' ] ]
31 silly lockFile 3ba3ddba-connect-mongo-0-17 connect-mongo@>=0.17
32 silly lockFile 3ba3ddba-connect-mongo-0-17 connect-mongo@>=0.17
33 error Error: No compatible version found: connect-mongo@'>=0.17.0-0'
33 error Valid install targets:
33 error ["0.1.0","0.1.1","0.1.2","0.1.3","0.1.4","0.1.5","0.1.6","0.1.7","0.1.8","0.1.9","0.2.0","0.3.0","0.3.1","0.3.2","0.3.3"]
33 error     at installTargetsError (c:\nodejs\node_modules\npm\lib\cache.js:719:10)
33 error     at next (c:\nodejs\node_modules\npm\lib\cache.js:698:17)
33 error     at c:\nodejs\node_modules\npm\lib\cache.js:675:5
33 error     at saved (c:\nodejs\node_modules\npm\node_modules\npm-registry-client\lib\get.js:142:7)
33 error     at c:\nodejs\node_modules\npm\node_modules\graceful-fs\polyfills.js:133:7
33 error     at Object.oncomplete (fs.js:107:15)
34 error If you need help, you may report this log at:
34 error     <http://github.com/isaacs/npm/issues>
34 error or email it to:
34 error     <npm-@googlegroups.com>
35 error System Windows_NT 6.2.9200
36 error command "c:\\nodejs\\node.exe" "c:\\nodejs\\node_modules\\npm\\bin\\npm-cli.js" "install"
37 error cwd h:\workspace\aptana\sap_js_research\node\httpd\expressWeb
38 error node -v v0.10.16
39 error npm -v 1.3.8
40 verbose exit [ 1, true ]
